Removed Pin From Net: NetName=NetC14_2 Pin=C15-2
Removed Pin From Net: NetName=NetC14_2 Pin=C16-2
Removed Pin From Net: NetName=NetC14_2 Pin=R9-1
Removed Pin From Net: NetName=NetR7_2 Pin=R9-2
Removed Pin From Net: NetName=NetC14_2 Pin=R10-2
Removed Pin From Net: NetName=NetC14_2 Pin=R11-1
Removed Pin From Net: NetName=NetR7_2 Pin=R11-2
Removed Pin From Net: NetName=NetC14_2 Pin=R12-2
Added Pin To Net: NetName=NetC15_2 Pin=C15-2
Added Pin To Net: NetName=NetC15_2 Pin=R9-1
Added Pin To Net: NetName=NetC15_2 Pin=R10-2
Added Pin To Net: NetName=NetC15_2 Pin=U1-28
Added Net: Name=NetC15_2
Added Pin To Net: NetName=NetC16_2 Pin=C16-2
Added Pin To Net: NetName=NetC16_2 Pin=R11-1
Added Pin To Net: NetName=NetC16_2 Pin=R12-2
Added Pin To Net: NetName=NetC16_2 Pin=U1-1
Added Net: Name=NetC16_2
Added Pin To Net: NetName=NetR9_2 Pin=R9-2
Added Pin To Net: NetName=NetR9_2 Pin=U2-8
Added Net: Name=NetR9_2
Added Pin To Net: NetName=NetR11_2 Pin=R11-2
Added Pin To Net: NetName=NetR11_2 Pin=U2-10
Added Net: Name=NetR11_2
